XC of ../data/NPLD/S_00202501_32zoom.csv and Sim1: -0.024014522707067925
Avg XC of ../data/NPLD/S_00202501_32zoom.csv and 1000 random profiles:0.0957835165665936. 95% threshold:0.32364859978173227
XC of ../data/NPLD/S_00202501_32zoom.csv and Sim2: 0.116070556580401
Avg XC of ../data/NPLD/S_00202501_32zoom.csv and 1000 random profiles:0.06600504692521415. 95% threshold:0.31193243132172477
XC of ../data/NPLD/S_00202501_32zoom.csv and Sim3: -0.017982173588366266
Avg XC of ../data/NPLD/S_00202501_32zoom.csv and 1000 random profiles:0.005758856689881568. 95% threshold:0.2903168802788336
XC of ../data/NPLD/S_00202501_32zoom.csv and Sim4: 0.17043851102107188
Avg XC of ../data/NPLD/S_00202501_32zoom.csv and 1000 random profiles:-0.01388188189449523. 95% threshold:0.2609590267448382
XC of ../data/NPLD/S_00202501_32zoom.csv and Sim5: 0.24558915723876795
Avg XC of ../data/NPLD/S_00202501_32zoom.csv and 1000 random profiles:0.024783163358136674. 95% threshold:0.28989706109492525
XC of ../data/NPLD/S_00202501_32zoom.csv and Sim6: 0.025918512969588876
Avg XC of ../data/NPLD/S_00202501_32zoom.csv and 1000 random profiles:-0.008715427162502678. 95% threshold:0.2800671408150347
XC of ../data/NPLD/S_00202501_32zoom.csv and Sim7: 0.07583546462932522
Avg XC of ../data/NPLD/S_00202501_32zoom.csv and 1000 random profiles:0.02320088486015976. 95% threshold:0.2890352483102361
XC of ../data/NPLD/S_00202501_32zoom.csv and Sim8: 0.0531311191122098
Avg XC of ../data/NPLD/S_00202501_32zoom.csv and 1000 random profiles:-0.016262464788177104. 95% threshold:0.26177802836248465
XC of ../data/NPLD/S_00202501_32zoom.csv and Sim9: -0.020579729840614108
Avg XC of ../data/NPLD/S_00202501_32zoom.csv and 1000 random profiles:-0.00549380059460882. 95% threshold:0.2686109872477161
XC of ../data/NPLD/S_00202501_32zoom.csv and Sim10: -0.0178589080206085
Avg XC of ../data/NPLD/S_00202501_32zoom.csv and 1000 random profiles:-0.004052561218468722. 95% threshold:0.28333011537327607
XC of ../data/NPLD/S_00202501_32zoom.csv and Sim11: -0.11936888453575575
Avg XC of ../data/NPLD/S_00202501_32zoom.csv and 1000 random profiles:0.004942203740648968. 95% threshold:0.2884049281246123
XC of ../data/NPLD/S_00202501_32zoom.csv and Sim12: 0.0015051982970366853
Avg XC of ../data/NPLD/S_00202501_32zoom.csv and 1000 random profiles:-0.03542023138714573. 95% threshold:0.2607665096414004
XC of ../data/NPLD/S_00202501_32zoom.csv and Sim13: 0.5558188331242508
Avg XC of ../data/NPLD/S_00202501_32zoom.csv and 1000 random profiles:-0.0073998577445058816. 95% threshold:0.27417327850164547
XC of ../data/NPLD/S_00202501_32zoom.csv and Sim14: 0.4508135972387022
Avg XC of ../data/NPLD/S_00202501_32zoom.csv and 1000 random profiles:-0.0006651761681889629. 95% threshold:0.2833563865549271
XC of ../data/NPLD/S_00202501_32zoom.csv and Sim15: 0.06632115599393466
Avg XC of ../data/NPLD/S_00202501_32zoom.csv and 1000 random profiles:-0.0008214705892260872. 95% threshold:0.2728563204944728
XC of ../data/NPLD/S_00202501_32zoom.csv and Sim16: 0.06989441355456183
Avg XC of ../data/NPLD/S_00202501_32zoom.csv and 1000 random profiles:-0.006874072035658191. 95% threshold:0.26612412046999284
XC of ../data/NPLD/S_00202501_32zoom.csv and Sim17: 0.14499679174900243
Avg XC of ../data/NPLD/S_00202501_32zoom.csv and 1000 random profiles:-0.03325821056961053. 95% threshold:0.2504333076880849
XC of ../data/NPLD/S_00202501_32zoom.csv and Sim18: -0.09697437981835096
Avg XC of ../data/NPLD/S_00202501_32zoom.csv and 1000 random profiles:-0.015529044268782833. 95% threshold:0.2655985677504638
XC of ../data/NPLD/S_00202501_32zoom.csv and Sim19: 0.2646446229597889
Avg XC of ../data/NPLD/S_00202501_32zoom.csv and 1000 random profiles:0.0017694001557148598. 95% threshold:0.278809896558394
XC of ../data/NPLD/S_00202501_32zoom.csv and Sim20: 0.05696662052303536
Avg XC of ../data/NPLD/S_00202501_32zoom.csv and 1000 random profiles:-0.013282045517644867. 95% threshold:0.25878271936169084
XC of ../data/NPLD/S_00202501_32zoom.csv and Sim21: 0.03183622440265941
Avg XC of ../data/NPLD/S_00202501_32zoom.csv and 1000 random profiles:0.011685694578833858. 95% threshold:0.28266455540607044
XC of ../data/NPLD/S_00202501_32zoom.csv and Sim22: 0.09696267433830152
Avg XC of ../data/NPLD/S_00202501_32zoom.csv and 1000 random profiles:-0.011421686508543529. 95% threshold:0.26620736024583586
XC of ../data/NPLD/S_00202501_32zoom.csv and Sim23: -0.02473848457890802
Avg XC of ../data/NPLD/S_00202501_32zoom.csv and 1000 random profiles:-0.02904433924003922. 95% threshold:0.2592204668479168
XC of ../data/NPLD/S_00202501_32zoom.csv and Sim24: 0.059416634842836505
Avg XC of ../data/NPLD/S_00202501_32zoom.csv and 1000 random profiles:4.5209731923708585e-05. 95% threshold:0.27700830058923775
XC of ../data/NPLD/S_00202501_32zoom.csv and Sim25: -0.0844589396936607
Avg XC of ../data/NPLD/S_00202501_32zoom.csv and 1000 random profiles:-0.0019032485950564299. 95% threshold:0.2742921519185196
