XC of ../data/NPLD/S_00202201_22zoom.csv and Sim1: 0.0845064861203821
Avg XC of ../data/NPLD/S_00202201_22zoom.csv and 1000 random profiles:0.06315700182910292. 95% threshold:0.3525029840039191
XC of ../data/NPLD/S_00202201_22zoom.csv and Sim2: -0.011401440579160578
Avg XC of ../data/NPLD/S_00202201_22zoom.csv and 1000 random profiles:-0.009312826655510212. 95% threshold:0.2861914636436235
XC of ../data/NPLD/S_00202201_22zoom.csv and Sim3: 0.07571421389122965
Avg XC of ../data/NPLD/S_00202201_22zoom.csv and 1000 random profiles:-0.14507977700313904. 95% threshold:0.18144496215284825
XC of ../data/NPLD/S_00202201_22zoom.csv and Sim4: -0.05062391161351499
Avg XC of ../data/NPLD/S_00202201_22zoom.csv and 1000 random profiles:-0.2004606452246299. 95% threshold:0.1275820374844682
XC of ../data/NPLD/S_00202201_22zoom.csv and Sim5: 0.3482714718097822
Avg XC of ../data/NPLD/S_00202201_22zoom.csv and 1000 random profiles:-0.0942349617661036. 95% threshold:0.22491168462981417
XC of ../data/NPLD/S_00202201_22zoom.csv and Sim6: -0.12010058131594072
Avg XC of ../data/NPLD/S_00202201_22zoom.csv and 1000 random profiles:-0.18172528046807251. 95% threshold:0.15580633782097986
XC of ../data/NPLD/S_00202201_22zoom.csv and Sim7: 0.37675500858903543
Avg XC of ../data/NPLD/S_00202201_22zoom.csv and 1000 random profiles:-0.07167961379229869. 95% threshold:0.2608411343520482
XC of ../data/NPLD/S_00202201_22zoom.csv and Sim8: 0.21569542035071657
Avg XC of ../data/NPLD/S_00202201_22zoom.csv and 1000 random profiles:-0.18053840600001134. 95% threshold:0.16133307397247296
XC of ../data/NPLD/S_00202201_22zoom.csv and Sim9: 0.0916407256265493
Avg XC of ../data/NPLD/S_00202201_22zoom.csv and 1000 random profiles:-0.17264431423663132. 95% threshold:0.153322571352593
XC of ../data/NPLD/S_00202201_22zoom.csv and Sim10: 0.11736574582216357
Avg XC of ../data/NPLD/S_00202201_22zoom.csv and 1000 random profiles:-0.16418400367857458. 95% threshold:0.16156176973160405
XC of ../data/NPLD/S_00202201_22zoom.csv and Sim11: -0.12470449624242501
Avg XC of ../data/NPLD/S_00202201_22zoom.csv and 1000 random profiles:-0.18527465395646123. 95% threshold:0.1350156018688302
XC of ../data/NPLD/S_00202201_22zoom.csv and Sim12: 0.27664963790867814
Avg XC of ../data/NPLD/S_00202201_22zoom.csv and 1000 random profiles:-0.33295969216978777. 95% threshold:-0.032456706263565505
XC of ../data/NPLD/S_00202201_22zoom.csv and Sim13: 0.4322888524789891
Avg XC of ../data/NPLD/S_00202201_22zoom.csv and 1000 random profiles:-0.18927634714240787. 95% threshold:0.13941244130209013
XC of ../data/NPLD/S_00202201_22zoom.csv and Sim14: -0.056713730978806186
Avg XC of ../data/NPLD/S_00202201_22zoom.csv and 1000 random profiles:-0.15547596774016129. 95% threshold:0.18523990622650624
XC of ../data/NPLD/S_00202201_22zoom.csv and Sim15: 0.4366239640450664
Avg XC of ../data/NPLD/S_00202201_22zoom.csv and 1000 random profiles:-0.14549092037247305. 95% threshold:0.16888999498412524
XC of ../data/NPLD/S_00202201_22zoom.csv and Sim16: 0.1965629315789605
Avg XC of ../data/NPLD/S_00202201_22zoom.csv and 1000 random profiles:-0.1592686602900061. 95% threshold:0.17559431461121813
XC of ../data/NPLD/S_00202201_22zoom.csv and Sim17: 0.28006619497600327
Avg XC of ../data/NPLD/S_00202201_22zoom.csv and 1000 random profiles:-0.26801602848412076. 95% threshold:0.045791834187321245
XC of ../data/NPLD/S_00202201_22zoom.csv and Sim18: 0.08246957316450383
Avg XC of ../data/NPLD/S_00202201_22zoom.csv and 1000 random profiles:-0.21309122025324367. 95% threshold:0.10099186295023393
XC of ../data/NPLD/S_00202201_22zoom.csv and Sim19: -0.0676563696971176
Avg XC of ../data/NPLD/S_00202201_22zoom.csv and 1000 random profiles:-0.14450948142360398. 95% threshold:0.1832093462436259
XC of ../data/NPLD/S_00202201_22zoom.csv and Sim20: -0.11665143080632419
Avg XC of ../data/NPLD/S_00202201_22zoom.csv and 1000 random profiles:-0.1818243409667035. 95% threshold:0.13825176750767157
XC of ../data/NPLD/S_00202201_22zoom.csv and Sim21: 0.26842167244667836
Avg XC of ../data/NPLD/S_00202201_22zoom.csv and 1000 random profiles:-0.14198915945603777. 95% threshold:0.18697116498945246
XC of ../data/NPLD/S_00202201_22zoom.csv and Sim22: 0.21870847748605013
Avg XC of ../data/NPLD/S_00202201_22zoom.csv and 1000 random profiles:-0.18488975795307266. 95% threshold:0.14617084826082116
XC of ../data/NPLD/S_00202201_22zoom.csv and Sim23: 0.033555204576581996
Avg XC of ../data/NPLD/S_00202201_22zoom.csv and 1000 random profiles:-0.27801808724265403. 95% threshold:0.026752933911955046
XC of ../data/NPLD/S_00202201_22zoom.csv and Sim24: 0.5171847251514876
Avg XC of ../data/NPLD/S_00202201_22zoom.csv and 1000 random profiles:-0.1495027304718151. 95% threshold:0.17402275872716663
XC of ../data/NPLD/S_00202201_22zoom.csv and Sim25: 0.05486003994602883
Avg XC of ../data/NPLD/S_00202201_22zoom.csv and 1000 random profiles:-0.16758798424336113. 95% threshold:0.15989852271477706
