XC of ../data/NPLD/S_00202501_33zoom.csv and Sim76: 0.15947513918728456
Avg XC of ../data/NPLD/S_00202501_33zoom.csv and 1000 random profiles:-0.0021968908263437508. 95% threshold:0.23721287557610168
XC of ../data/NPLD/S_00202501_33zoom.csv and Sim77: -0.07265146556419254
Avg XC of ../data/NPLD/S_00202501_33zoom.csv and 1000 random profiles:0.019657635206484607. 95% threshold:0.2633307479057991
XC of ../data/NPLD/S_00202501_33zoom.csv and Sim78: 0.28050694891185146
Avg XC of ../data/NPLD/S_00202501_33zoom.csv and 1000 random profiles:-0.00916954267710697. 95% threshold:0.22386337361069403
XC of ../data/NPLD/S_00202501_33zoom.csv and Sim79: -0.10049451242990208
Avg XC of ../data/NPLD/S_00202501_33zoom.csv and 1000 random profiles:-0.02359569518207316. 95% threshold:0.2155965697999537
XC of ../data/NPLD/S_00202501_33zoom.csv and Sim80: -0.010913508169142034
Avg XC of ../data/NPLD/S_00202501_33zoom.csv and 1000 random profiles:0.0039338691662355735. 95% threshold:0.255155616153011
XC of ../data/NPLD/S_00202501_33zoom.csv and Sim81: 0.07094958416373019
Avg XC of ../data/NPLD/S_00202501_33zoom.csv and 1000 random profiles:0.0005084551604367622. 95% threshold:0.23267606589320047
XC of ../data/NPLD/S_00202501_33zoom.csv and Sim82: -0.02898473462712558
Avg XC of ../data/NPLD/S_00202501_33zoom.csv and 1000 random profiles:-0.01594199694467645. 95% threshold:0.21995037626508163
XC of ../data/NPLD/S_00202501_33zoom.csv and Sim83: -0.03777401325312687
Avg XC of ../data/NPLD/S_00202501_33zoom.csv and 1000 random profiles:0.015924624406990242. 95% threshold:0.26166453343176094
XC of ../data/NPLD/S_00202501_33zoom.csv and Sim84: 0.0886546786553053
Avg XC of ../data/NPLD/S_00202501_33zoom.csv and 1000 random profiles:-0.03712193138358257. 95% threshold:0.2040152806765322
XC of ../data/NPLD/S_00202501_33zoom.csv and Sim85: 0.16841681785371088
Avg XC of ../data/NPLD/S_00202501_33zoom.csv and 1000 random profiles:-0.003376415376619045. 95% threshold:0.22703347607871244
XC of ../data/NPLD/S_00202501_33zoom.csv and Sim86: -0.07239813365486282
Avg XC of ../data/NPLD/S_00202501_33zoom.csv and 1000 random profiles:-0.035993812804516356. 95% threshold:0.20402776590611257
XC of ../data/NPLD/S_00202501_33zoom.csv and Sim87: 0.039057189627477444
Avg XC of ../data/NPLD/S_00202501_33zoom.csv and 1000 random profiles:0.015250473156645636. 95% threshold:0.2546985443784867
XC of ../data/NPLD/S_00202501_33zoom.csv and Sim88: 0.22993187531287484
Avg XC of ../data/NPLD/S_00202501_33zoom.csv and 1000 random profiles:0.00927624135919951. 95% threshold:0.24539561430843518
XC of ../data/NPLD/S_00202501_33zoom.csv and Sim89: 0.3576295163046424
Avg XC of ../data/NPLD/S_00202501_33zoom.csv and 1000 random profiles:-4.9059645503158886e-05. 95% threshold:0.2336609401601627
XC of ../data/NPLD/S_00202501_33zoom.csv and Sim90: 0.386283577511526
Avg XC of ../data/NPLD/S_00202501_33zoom.csv and 1000 random profiles:-0.08179534620362505. 95% threshold:0.13450735418435306
XC of ../data/NPLD/S_00202501_33zoom.csv and Sim91: 0.03963252137988688
Avg XC of ../data/NPLD/S_00202501_33zoom.csv and 1000 random profiles:-0.11597431691658877. 95% threshold:0.09915915773582418
XC of ../data/NPLD/S_00202501_33zoom.csv and Sim92: 0.1089053564177031
Avg XC of ../data/NPLD/S_00202501_33zoom.csv and 1000 random profiles:0.0022762821375540854. 95% threshold:0.2405950660669391
XC of ../data/NPLD/S_00202501_33zoom.csv and Sim93: 0.025258795203571327
Avg XC of ../data/NPLD/S_00202501_33zoom.csv and 1000 random profiles:-0.03144775443557483. 95% threshold:0.20848627655697854
XC of ../data/NPLD/S_00202501_33zoom.csv and Sim94: 0.10518765326160189
Avg XC of ../data/NPLD/S_00202501_33zoom.csv and 1000 random profiles:-0.0008988770919148916. 95% threshold:0.24995053000160738
XC of ../data/NPLD/S_00202501_33zoom.csv and Sim95: 0.32401438083843676
Avg XC of ../data/NPLD/S_00202501_33zoom.csv and 1000 random profiles:-0.021625755143653124. 95% threshold:0.21706224694181053
XC of ../data/NPLD/S_00202501_33zoom.csv and Sim96: -0.022803119604963357
Avg XC of ../data/NPLD/S_00202501_33zoom.csv and 1000 random profiles:0.011411238007044192. 95% threshold:0.2470847399576822
XC of ../data/NPLD/S_00202501_33zoom.csv and Sim97: 0.21941251614841886
Avg XC of ../data/NPLD/S_00202501_33zoom.csv and 1000 random profiles:-0.02836028366429946. 95% threshold:0.19289081069337727
XC of ../data/NPLD/S_00202501_33zoom.csv and Sim98: 0.010092124190745625
Avg XC of ../data/NPLD/S_00202501_33zoom.csv and 1000 random profiles:-0.014680669125768195. 95% threshold:0.21804050778295636
XC of ../data/NPLD/S_00202501_33zoom.csv and Sim99: 0.019314900732709694
Avg XC of ../data/NPLD/S_00202501_33zoom.csv and 1000 random profiles:-0.01571264401772247. 95% threshold:0.22289563008613358
XC of ../data/NPLD/S_00202501_33zoom.csv and Sim100: 0.10119779286785854
Avg XC of ../data/NPLD/S_00202501_33zoom.csv and 1000 random profiles:0.006501029765891179. 95% threshold:0.24078937076869486
