XC of ../../data/NPLD/S_00429802_01zoom.csv and ../../data/NPLD/S_00202201_18zoom.csv: 0.08299284021589007
Avg XC of ../../data/NPLD/S_00429802_01zoom.csv and 1000 random profiles:0.10916483476761649. 95% threshold:0.3566891812596604
XC of ../../data/NPLD/S_00429802_01zoom.csv and ../../data/NPLD/S_00202201_19zoom.csv: 0.4086565680855022
Avg XC of ../../data/NPLD/S_00429802_01zoom.csv and 1000 random profiles:0.29962695762018554. 95% threshold:0.536466792443298
XC of ../../data/NPLD/S_00429802_01zoom.csv and ../../data/NPLD/S_00202201_20zoom.csv: 0.5037104225567018
Avg XC of ../../data/NPLD/S_00429802_01zoom.csv and 1000 random profiles:0.07985995771860377. 95% threshold:0.2984564677542959
XC of ../../data/NPLD/S_00429802_01zoom.csv and ../../data/NPLD/S_00202201_21zoom.csv: 0.18096910826731902
Avg XC of ../../data/NPLD/S_00429802_01zoom.csv and 1000 random profiles:0.14392961427015497. 95% threshold:0.26009274498337
XC of ../../data/NPLD/S_00429802_01zoom.csv and ../../data/NPLD/S_00202201_22zoom.csv: 0.5285139351365516
Avg XC of ../../data/NPLD/S_00429802_01zoom.csv and 1000 random profiles:0.34885179761901564. 95% threshold:0.48271788823122136
XC of ../../data/NPLD/S_00429802_01zoom.csv and ../../data/NPLD/S_00471302_23zoom.csv: 0.2586794207480889
Avg XC of ../../data/NPLD/S_00429802_01zoom.csv and 1000 random profiles:0.30924197552112387. 95% threshold:0.4873172088153885
XC of ../../data/NPLD/S_00429802_01zoom.csv and ../../data/NPLD/S_00471302_24zoom.csv: 0.14898516663017236
Avg XC of ../../data/NPLD/S_00429802_01zoom.csv and 1000 random profiles:0.23483891989989303. 95% threshold:0.4828992907076881
XC of ../../data/NPLD/S_00429802_01zoom.csv and ../../data/NPLD/S_00471302_25zoom.csv: 0.015240667051586412
Avg XC of ../../data/NPLD/S_00429802_01zoom.csv and 1000 random profiles:-0.03568590750527676. 95% threshold:0.001607953162996896
XC of ../../data/NPLD/S_00429802_01zoom.csv and ../../data/NPLD/S_00471302_26zoom.csv: 0.10829501482723604
Avg XC of ../../data/NPLD/S_00429802_01zoom.csv and 1000 random profiles:0.15453092281905656. 95% threshold:0.3630617495172198
XC of ../../data/NPLD/S_00429802_01zoom.csv and ../../data/NPLD/S_00325703_27zoom.csv: 0.0016560147779040816
Avg XC of ../../data/NPLD/S_00429802_01zoom.csv and 1000 random profiles:0.13431610157978127. 95% threshold:0.4279367852426429
XC of ../../data/NPLD/S_00429802_01zoom.csv and ../../data/NPLD/S_00325703_28zoom.csv: 0.08485214549765031
Avg XC of ../../data/NPLD/S_00429802_01zoom.csv and 1000 random profiles:0.06765416980373647. 95% threshold:0.35581093706272876
XC of ../../data/NPLD/S_00429802_01zoom.csv and ../../data/NPLD/S_00429802_29zoom.csv: 0.19147321731110234
Avg XC of ../../data/NPLD/S_00429802_01zoom.csv and 1000 random profiles:0.11517440835267427. 95% threshold:0.29857621873074924
XC of ../../data/NPLD/S_00429802_01zoom.csv and ../../data/NPLD/S_00429802_30zoom.csv: -0.021247985577309284
Avg XC of ../../data/NPLD/S_00429802_01zoom.csv and 1000 random profiles:-0.0660810099912014. 95% threshold:-0.037430334500393805
XC of ../../data/NPLD/S_00429802_01zoom.csv and ../../data/NPLD/S_00202501_31zoom.csv: 0.04580512865487385
Avg XC of ../../data/NPLD/S_00429802_01zoom.csv and 1000 random profiles:0.22442833571471515. 95% threshold:0.44110160789676317
XC of ../../data/NPLD/S_00429802_01zoom.csv and ../../data/NPLD/S_00202501_32zoom.csv: 0.011686033790910925
Avg XC of ../../data/NPLD/S_00429802_01zoom.csv and 1000 random profiles:-0.004431608097454806. 95% threshold:0.0712782270551457
XC of ../../data/NPLD/S_00429802_01zoom.csv and ../../data/NPLD/S_00202501_33zoom.csv: 0.036952306738571465
Avg XC of ../../data/NPLD/S_00429802_01zoom.csv and 1000 random profiles:0.1593472596580815. 95% threshold:0.22229952658804186
XC of ../../data/NPLD/S_00429802_01zoom.csv and ../../data/NPLD/S_00202501_34zoom.csv: 0.052031001261940484
Avg XC of ../../data/NPLD/S_00429802_01zoom.csv and 1000 random profiles:0.24898805920264985. 95% threshold:0.486315959312235
